{"total": {"lines":{"total":104,"covered":34,"skipped":0,"pct":32.69},"statements":{"total":107,"covered":35,"skipped":0,"pct":32.71},"functions":{"total":31,"covered":8,"skipped":0,"pct":25.8},"branches":{"total":22,"covered":4,"skipped":0,"pct":18.18},"branchesTrue":{"total":0,"covered":0,"skipped":0,"pct":100}}
,"/Users/vamasc/Навчання УжНУ ФІТ/Веб/GuitarLink-react-app/src/App.jsx": {"lines":{"total":2,"covered":2,"skipped":0,"pct":100},"functions":{"total":1,"covered":1,"skipped":0,"pct":100},"statements":{"total":2,"covered":2,"skipped":0,"pct":100},"branches":{"total":0,"covered":0,"skipped":0,"pct":100}}
,"/Users/vamasc/Навчання УжНУ ФІТ/Веб/GuitarLink-react-app/src/index.js": {"lines":{"total":3,"covered":3,"skipped":0,"pct":100},"functions":{"total":0,"covered":0,"skipped":0,"pct":100},"statements":{"total":3,"covered":3,"skipped":0,"pct":100},"branches":{"total":0,"covered":0,"skipped":0,"pct":100}}
,"/Users/vamasc/Навчання УжНУ ФІТ/Веб/GuitarLink-react-app/src/components/advantageSection/AdvantageSection.jsx": {"lines":{"total":2,"covered":1,"skipped":0,"pct":50},"functions":{"total":1,"covered":0,"skipped":0,"pct":0},"statements":{"total":2,"covered":1,"skipped":0,"pct":50},"branches":{"total":0,"covered":0,"skipped":0,"pct":100}}
,"/Users/vamasc/Навчання УжНУ ФІТ/Веб/GuitarLink-react-app/src/components/footer/Footer.jsx": {"lines":{"total":2,"covered":2,"skipped":0,"pct":100},"functions":{"total":1,"covered":1,"skipped":0,"pct":100},"statements":{"total":2,"covered":2,"skipped":0,"pct":100},"branches":{"total":0,"covered":0,"skipped":0,"pct":100}}
,"/Users/vamasc/Навчання УжНУ ФІТ/Веб/GuitarLink-react-app/src/components/navbar/Navbar.jsx": {"lines":{"total":5,"covered":4,"skipped":0,"pct":80},"functions":{"total":2,"covered":1,"skipped":0,"pct":50},"statements":{"total":5,"covered":4,"skipped":0,"pct":80},"branches":{"total":6,"covered":3,"skipped":0,"pct":50}}
,"/Users/vamasc/Навчання УжНУ ФІТ/Веб/GuitarLink-react-app/src/components/socialCardSection/SocialCardSection.jsx": {"lines":{"total":2,"covered":1,"skipped":0,"pct":50},"functions":{"total":1,"covered":0,"skipped":0,"pct":0},"statements":{"total":2,"covered":1,"skipped":0,"pct":50},"branches":{"total":0,"covered":0,"skipped":0,"pct":100}}
,"/Users/vamasc/Навчання УжНУ ФІТ/Веб/GuitarLink-react-app/src/context/AuthContext.jsx": {"lines":{"total":15,"covered":11,"skipped":0,"pct":73.33},"functions":{"total":6,"covered":4,"skipped":0,"pct":66.66},"statements":{"total":18,"covered":12,"skipped":0,"pct":66.66},"branches":{"total":4,"covered":1,"skipped":0,"pct":25}}
,"/Users/vamasc/Навчання УжНУ ФІТ/Веб/GuitarLink-react-app/src/firebase/firebase.jsx": {"lines":{"total":4,"covered":4,"skipped":0,"pct":100},"functions":{"total":0,"covered":0,"skipped":0,"pct":100},"statements":{"total":4,"covered":4,"skipped":0,"pct":100},"branches":{"total":0,"covered":0,"skipped":0,"pct":100}}
,"/Users/vamasc/Навчання УжНУ ФІТ/Веб/GuitarLink-react-app/src/hooks/useAuth.jsx": {"lines":{"total":25,"covered":1,"skipped":0,"pct":4},"functions":{"total":4,"covered":0,"skipped":0,"pct":0},"statements":{"total":25,"covered":1,"skipped":0,"pct":4},"branches":{"total":0,"covered":0,"skipped":0,"pct":100}}
,"/Users/vamasc/Навчання УжНУ ФІТ/Веб/GuitarLink-react-app/src/pages/about/About.jsx": {"lines":{"total":2,"covered":2,"skipped":0,"pct":100},"functions":{"total":1,"covered":1,"skipped":0,"pct":100},"statements":{"total":2,"covered":2,"skipped":0,"pct":100},"branches":{"total":0,"covered":0,"skipped":0,"pct":100}}
,"/Users/vamasc/Навчання УжНУ ФІТ/Веб/GuitarLink-react-app/src/pages/contacts/Contacts.jsx": {"lines":{"total":2,"covered":1,"skipped":0,"pct":50},"functions":{"total":1,"covered":0,"skipped":0,"pct":0},"statements":{"total":2,"covered":1,"skipped":0,"pct":50},"branches":{"total":0,"covered":0,"skipped":0,"pct":100}}
,"/Users/vamasc/Навчання УжНУ ФІТ/Веб/GuitarLink-react-app/src/pages/home/Home.jsx": {"lines":{"total":20,"covered":0,"skipped":0,"pct":0},"functions":{"total":5,"covered":0,"skipped":0,"pct":0},"statements":{"total":20,"covered":0,"skipped":0,"pct":0},"branches":{"total":4,"covered":0,"skipped":0,"pct":0}}
,"/Users/vamasc/Навчання УжНУ ФІТ/Веб/GuitarLink-react-app/src/pages/login/Login.jsx": {"lines":{"total":10,"covered":1,"skipped":0,"pct":10},"functions":{"total":4,"covered":0,"skipped":0,"pct":0},"statements":{"total":10,"covered":1,"skipped":0,"pct":10},"branches":{"total":4,"covered":0,"skipped":0,"pct":0}}
,"/Users/vamasc/Навчання УжНУ ФІТ/Веб/GuitarLink-react-app/src/pages/register/Register.jsx": {"lines":{"total":10,"covered":1,"skipped":0,"pct":10},"functions":{"total":4,"covered":0,"skipped":0,"pct":0},"statements":{"total":10,"covered":1,"skipped":0,"pct":10},"branches":{"total":4,"covered":0,"skipped":0,"pct":0}}
}
